[2014-02-21 22:31:29] alias_create_exceute
alias_create_exceute () 
{ 
    for _path in "$rvm_rubies_path" "$rvm_environments_path" "$rvm_wrappers_path";
    do
        if [[ -L "$_path/$alias_name" ]]; then
            \rm -fv "$_path/$alias_name" || return $?;
        fi;
        \ln -fsv "$_path/$rvm_ruby_string" "$_path/$alias_name" || return $?;
    done;
    __rvm_db_ "$rvm_path/config/alias" "$alias_name" "$rvm_ruby_string"
}
current path: /home/appurify
GEM_HOME=/home/appurify/.rvm/gems/ruby-2.0.0-p353
PATH=/home/appurify/.rvm/gems/ruby-2.0.0-p353/bin:/home/appurify/.rvm/gems/ruby-2.0.0-p353@global/bin:/home/appurify/.rvm/rubies/ruby-2.0.0-p353/bin:/home/appurify/.rvm/bin:/usr/local/android-sdk/platform-tools:/bin:/sbin:/usr/bin:/usr/sbin:/usr/local/bin
GEM_PATH=/home/appurify/.rvm/gems/ruby-2.0.0-p353:/home/appurify/.rvm/gems/ruby-2.0.0-p353@global
command(1): alias_create_exceute
removed `/home/appurify/.rvm/rubies/default'
`/home/appurify/.rvm/rubies/default' -> `/home/appurify/.rvm/rubies/ruby-2.0.0-p353'
removed `/home/appurify/.rvm/environments/default'
`/home/appurify/.rvm/environments/default' -> `/home/appurify/.rvm/environments/ruby-2.0.0-p353'
removed `/home/appurify/.rvm/wrappers/default'
`/home/appurify/.rvm/wrappers/default' -> `/home/appurify/.rvm/wrappers/ruby-2.0.0-p353'
