[2014-03-14 20:53:12] alias_create_exceute
alias_create_exceute () 
{ 
    for _path in "$rvm_rubies_path" "$rvm_environments_path" "$rvm_wrappers_path";
    do
        if [[ -L "$_path/$alias_name" ]]; then
            \rm -fv "$_path/$alias_name" || return $?;
        fi;
        \ln -fsv "$_path/$rvm_ruby_string" "$_path/$alias_name" || return $?;
    done;
    __rvm_db_ "$rvm_path/config/alias" "$alias_name" "$rvm_ruby_string"
}
current path: /home/appurify
GEM_HOME=/home/appurify/.rvm/gems/jruby-1.7.10@global
PATH=/home/appurify/.rvm/gems/jruby-1.7.10@global/bin:/home/appurify/.rvm/rubies/jruby-1.7.10/bin:/home/appurify/.rvm/bin:/usr/local/android-sdk/platform-tools:/bin:/sbin:/usr/bin:/usr/sbin:/usr/local/bin
GEM_PATH=/home/appurify/.rvm/gems/jruby-1.7.10@global
command(1): alias_create_exceute
`/home/appurify/.rvm/rubies/ruby-2.0.0' -> `/home/appurify/.rvm/rubies/ruby-2.1.1'
`/home/appurify/.rvm/environments/ruby-2.0.0' -> `/home/appurify/.rvm/environments/ruby-2.1.1'
`/home/appurify/.rvm/wrappers/ruby-2.0.0' -> `/home/appurify/.rvm/wrappers/ruby-2.1.1'
