[2014-02-21 22:21:11] gemset_import_list
gemset_import_list () 
{ 
    typeset line;
    for line in "$@";
    do
        gem_install $line || rvm_error "there was an error installing gem $line";
    done
}
current path: /home/appurify
GEM_HOME=/home/appurify/.rvm/gems/jruby-1.7.10@global
PATH=/home/appurify/.rvm/gems/jruby-1.7.10@global/bin:/home/appurify/.rvm/rubies/jruby-1.7.10/bin:/home/appurify/.rvm/bin:/usr/local/android-sdk/platform-tools:/bin:/sbin:/usr/bin:/usr/sbin:/usr/local/bin
GEM_PATH=/home/appurify/.rvm/gems/jruby-1.7.10@global
command(8): gemset_import_list jruby-openssl jruby-launcher gem-wrappers rubygems-bundler bundler rake rvm
gem jruby-openssl  is already installed
[2014-02-21 22:21:15] gem
current path: /home/appurify
GEM_HOME=/home/appurify/.rvm/gems/jruby-1.7.10@global
PATH=/home/appurify/.rvm/gems/jruby-1.7.10@global/bin:/home/appurify/.rvm/rubies/jruby-1.7.10/bin:/home/appurify/.rvm/bin:/usr/local/android-sdk/platform-tools:/bin:/sbin:/usr/bin:/usr/sbin:/usr/local/bin
GEM_PATH=/home/appurify/.rvm/gems/jruby-1.7.10@global
command(5): gem install jruby-launcher --no-ri --no-rdoc
installing gem jruby-launcher --no-ri --no-rdoc
Building native extensions.  This could take a while...
/home/appurify/.rvm/rubies/jruby-1.7.10/lib/ruby/shared/rubygems/ext/ext_conf_builder.rb:46 warning: Tempfile#unlink or delete called on open file; ignoring
Successfully installed jruby-launcher-1.0.19-java
1 gem installed
[2014-02-21 22:21:30] gem
current path: /home/appurify
GEM_HOME=/home/appurify/.rvm/gems/jruby-1.7.10@global
PATH=/home/appurify/.rvm/gems/jruby-1.7.10@global/bin:/home/appurify/.rvm/rubies/jruby-1.7.10/bin:/home/appurify/.rvm/bin:/usr/local/android-sdk/platform-tools:/bin:/sbin:/usr/bin:/usr/sbin:/usr/local/bin
GEM_PATH=/home/appurify/.rvm/gems/jruby-1.7.10@global
command(5): gem install /home/appurify/.rvm/gem-cache/gem-wrappers-1.2.4.gem --no-ri --no-rdoc
installing gem /home/appurify/.rvm/gem-cache/gem-wrappers-1.2.4.gem --no-ri --no-rdoc
Building native extensions.  This could take a while...
/home/appurify/.rvm/rubies/jruby-1.7.10/lib/ruby/shared/rubygems/ext/ext_conf_builder.rb:46 warning: Tempfile#unlink or delete called on open file; ignoring
Successfully installed gem-wrappers-1.2.4
1 gem installed
[2014-02-21 22:21:43] gem
current path: /home/appurify
GEM_HOME=/home/appurify/.rvm/gems/jruby-1.7.10@global
PATH=/home/appurify/.rvm/gems/jruby-1.7.10@global/bin:/home/appurify/.rvm/rubies/jruby-1.7.10/bin:/home/appurify/.rvm/bin:/usr/local/android-sdk/platform-tools:/bin:/sbin:/usr/bin:/usr/sbin:/usr/local/bin
GEM_PATH=/home/appurify/.rvm/gems/jruby-1.7.10@global
command(5): gem install rubygems-bundler --no-ri --no-rdoc
installing gem rubygems-bundler --no-ri --no-rdoc
Successfully installed bundler-unload-1.0.2
Building native extensions.  This could take a while...
/home/appurify/.rvm/rubies/jruby-1.7.10/lib/ruby/shared/rubygems/ext/ext_conf_builder.rb:46 warning: Tempfile#unlink or delete called on open file; ignoring
# In case of problems run the following command to update binstubs:
gem regenerate_binstubs
Successfully installed executable-hooks-1.3.1
Successfully installed rubygems-bundler-1.4.2
3 gems installed
[2014-02-21 22:23:17] gem
current path: /home/appurify
GEM_HOME=/home/appurify/.rvm/gems/jruby-1.7.10@global
PATH=/home/appurify/.rvm/gems/jruby-1.7.10@global/bin:/home/appurify/.rvm/rubies/jruby-1.7.10/bin:/home/appurify/.rvm/bin:/usr/local/android-sdk/platform-tools:/bin:/sbin:/usr/bin:/usr/sbin:/usr/local/bin
GEM_PATH=/home/appurify/.rvm/gems/jruby-1.7.10@global
command(5): gem install bundler --no-ri --no-rdoc
installing gem bundler --no-ri --no-rdoc
Successfully installed bundler-1.5.3
1 gem installed
gem rake  is already installed
[2014-02-21 22:23:29] gem
current path: /home/appurify
GEM_HOME=/home/appurify/.rvm/gems/jruby-1.7.10@global
PATH=/home/appurify/.rvm/gems/jruby-1.7.10@global/bin:/home/appurify/.rvm/rubies/jruby-1.7.10/bin:/home/appurify/.rvm/bin:/usr/local/android-sdk/platform-tools:/bin:/sbin:/usr/bin:/usr/sbin:/usr/local/bin
GEM_PATH=/home/appurify/.rvm/gems/jruby-1.7.10@global
command(5): gem install /home/appurify/.rvm/gem-cache/rvm-1.11.3.9.gem --no-ri --no-rdoc
installing gem /home/appurify/.rvm/gem-cache/rvm-1.11.3.9.gem --no-ri --no-rdoc
Successfully installed rvm-1.11.3.9
1 gem installed
