[2014-02-21 22:21:03] __rvm_package_extract
__rvm_package_extract () 
{ 
    rvm_debug __rvm_package_extract:$#: "$@";
    typeset __tempdir __path __file __return;
    __return=0;
    __tempdir="$( TMPDIR="${rvm_tmp_path}" mktemp -d -t rvm-tmp.XXXXXXXXX )";
    __rvm_package_extract_run "$1" "$__tempdir" || __return=$?;
    if (( __return == 0 )); then
        for __path in "$__tempdir"/*;
        do
            __file="${__path##*/}";
            if [[ -n "${__file}" && -e "$2/${__file}" ]]; then
                \rm -rf "$2/${__file}" || __return=$?;
            fi;
            \mv -f "${__path}" "$2/" || __return=$?;
        done;
    fi;
    if [[ -n "$__tempdir" ]]; then
        \rm -rf "$__tempdir";
    fi;
    return $__return
}
current path: /home/appurify
GEM_HOME=/home/appurify/.rvm/gems/ruby-2.0.0-p353
PATH=/home/appurify/.rvm/gems/ruby-2.0.0-p353/bin:/home/appurify/.rvm/gems/ruby-2.0.0-p353@global/bin:/home/appurify/.rvm/rubies/ruby-2.0.0-p353/bin:/usr/local/android-sdk/platform-tools:/bin:/sbin:/usr/bin:/usr/sbin:/usr/local/bin:/home/appurify/.rvm/bin
GEM_PATH=/home/appurify/.rvm/gems/ruby-2.0.0-p353:/home/appurify/.rvm/gems/ruby-2.0.0-p353@global
command(3): __rvm_package_extract /home/appurify/.rvm/archives/rubygems-2.2.2.tgz /home/appurify/.rvm/src
