[2014-03-11 10:29:21] alias_create_exceute
alias_create_exceute () 
{ 
    for _path in "$rvm_rubies_path" "$rvm_environments_path" "$rvm_wrappers_path";
    do
        if [[ -L "$_path/$alias_name" ]]; then
            \rm -fv "$_path/$alias_name" || return $?;
        fi;
        \ln -fsv "$_path/$rvm_ruby_string" "$_path/$alias_name" || return $?;
    done;
    __rvm_db_ "$rvm_path/config/alias" "$alias_name" "$rvm_ruby_string"
}
current path: /Users/appurify
GEM_HOME=/Users/appurify/.rvm/gems/jruby-1.7.10
PATH=/Users/appurify/.rvm/gems/jruby-1.7.10/bin:/Users/appurify/.rvm/gems/jruby-1.7.10@global/bin:/Users/appurify/.rvm/rubies/jruby-1.7.10/bin:/Users/appurify/.rvm/bin:/salt/homebrew/bin:/android-sdk/platform-tools:/opt/local/bin:/bin:/sbin:/usr/bin:/usr/sbin:/usr/local/bin
GEM_PATH=/Users/appurify/.rvm/gems/jruby-1.7.10:/Users/appurify/.rvm/gems/jruby-1.7.10@global
command(1): alias_create_exceute
/Users/appurify/.rvm/rubies/default
/Users/appurify/.rvm/rubies/default -> /Users/appurify/.rvm/rubies/jruby-1.7.10
/Users/appurify/.rvm/environments/default
/Users/appurify/.rvm/environments/default -> /Users/appurify/.rvm/environments/jruby-1.7.10
/Users/appurify/.rvm/wrappers/default
/Users/appurify/.rvm/wrappers/default -> /Users/appurify/.rvm/wrappers/jruby-1.7.10
