[2014-03-10 14:01:03] __rvm_make
__rvm_make () 
{ 
    \make "$@" || return $?
}
current path: /Users/appurify/.rvm/src/ruby-2.1.1
PATH=/opt/local/bin:/salt/homebrew/bin:/bin:/usr/bin:/usr/sbin:/sbin:/usr/local/bin:/Users/appurify/.rvm/bin
command(2): __rvm_make -j2
	CC = /usr/bin/clang
	LD = ld
	LDSHARED = /usr/bin/clang -dynamiclib
	CFLAGS = -O3 -fno-fast-math -ggdb3 -Wall -Wextra -Wno-unused-parameter -Wno-parentheses -Wno-long-long -Wno-missing-field-initializers -Wunused-variable -Wpointer-arith -Wwrite-strings -Wdeclaration-after-statement -Wshorten-64-to-32 -Wimplicit-function-declaration -Wdivision-by-zero -Wextra-tokens   -fno-common -pipe 
	XCFLAGS = -D_FORTIFY_SOURCE=2 -fstack-protector -fno-strict-overflow -fvisibility=hidden -DRUBY_EXPORT
	CPPFLAGS = -I/opt/local/include -D_XOPEN_SOURCE -D_DARWIN_C_SOURCE -D_DARWIN_UNLIMITED_SELECT -D_REENTRANT   -I. -I.ext/include/x86_64-darwin12.0 -I./include -I.
	DLDFLAGS = -Wl,-undefined,dynamic_lookup -Wl,-multiply_defined,suppress -L/opt/local/lib  -install_name /Users/appurify/.rvm/rubies/ruby-2.1.1/lib/libruby.2.1.0.dylib -current_version 2.1.0 -compatibility_version 2.1.0  -fstack-protector -Wl,-u,_objc_msgSend -framework CoreFoundation  -fstack-protector -Wl,-u,_objc_msgSend -framework CoreFoundation  
	SOLIBS = -lpthread -lgmp -ldl -lobjc 
compiling main.c
Apple LLVM version 5.0 (clang-500.2.79) (based on LLVM 3.3svn)
Target: x86_64-apple-darwin12.5.0
Thread model: posix
compiling dmydln.c
compiling miniinit.c
compiling miniprelude.c
translating probes probes.d
compiling bignum.c
. ./vm_opts.h
compiling class.c
compiling compar.c
compiling complex.c
compiling dir.c
compiling dln_find.c
compiling encoding.c
compiling enum.c
compiling enumerator.c
compiling error.c
compiling eval.c
compiling load.c
compiling proc.c
compiling file.c
compiling gc.c
compiling hash.c
compiling inits.c
compiling io.c
compiling marshal.c
compiling math.c
compiling node.c
compiling numeric.c
compiling object.c
compiling pack.c
compiling parse.c
compiling process.c
compiling random.c
compiling range.c
compiling rational.c
compiling re.c
compiling regcomp.c
compiling regenc.c
compiling regerror.c
compiling regexec.c
compiling regparse.c
compiling regsyntax.c
compiling ruby.c
compiling safe.c
compiling signal.c
compiling sprintf.c
compiling st.c
compiling strftime.c
compiling string.c
compiling struct.c
compiling time.c
compiling transcode.c
compiling util.c
compiling variable.c
compiling version.c
compiling compile.c
compiling debug.c
compiling iseq.c
compiling vm.c
compiling vm_dump.c
compiling vm_backtrace.c
compiling vm_trace.c
compiling thread.c
compiling cont.c
compiling ./enc/ascii.c
compiling ./enc/us_ascii.c
compiling ./enc/unicode.c
compiling ./enc/utf_8.c
compiling newline.c
compiling ./missing/setproctitle.c
compiling dmyext.c
compiling dln.c
compiling localeinit.c
compiling array.c
linking miniruby
generating encdb.h
rbconfig.rb updated
generating enc.mk
encdb.h unchanged
creating verconf.h
generating prelude.c
making srcs under enc
compiling loadpath.c
make[1]: Nothing to be done for `srcs'.
compiling prelude.c
generating transdb.h
linking static-library libruby.2.1.0-static.a
transdb.h unchanged
verifying static-library libruby.2.1.0-static.a
linking shared-library libruby.2.1.0.dylib
making enc
making trans
compiling ./enc/trans/transdb.c
compiling ./enc/encdb.c
compiling ./enc/big5.c
compiling ./enc/trans/big5.c
compiling ./enc/cp949.c
compiling ./enc/emacs_mule.c
compiling ./enc/euc_jp.c
compiling ./enc/euc_kr.c
compiling ./enc/euc_tw.c
compiling ./enc/gb2312.c
compiling ./enc/gb18030.c
compiling ./enc/gbk.c
compiling ./enc/iso_8859_1.c
compiling ./enc/iso_8859_2.c
compiling ./enc/iso_8859_3.c
compiling ./enc/iso_8859_4.c
compiling ./enc/iso_8859_5.c
compiling ./enc/iso_8859_6.c
compiling ./enc/iso_8859_7.c
compiling ./enc/iso_8859_8.c
compiling ./enc/iso_8859_9.c
compiling ./enc/iso_8859_10.c
compiling ./enc/iso_8859_11.c
compiling ./enc/iso_8859_13.c
compiling ./enc/iso_8859_14.c
compiling ./enc/iso_8859_15.c
compiling ./enc/iso_8859_16.c
compiling ./enc/koi8_r.c
compiling ./enc/koi8_u.c
compiling ./enc/shift_jis.c
compiling ./enc/utf_16be.c
compiling ./enc/utf_16le.c
compiling ./enc/utf_32be.c
compiling ./enc/utf_32le.c
compiling ./enc/windows_31j.c
compiling ./enc/windows_1251.c
linking encoding encdb.bundle
linking encoding big5.bundle
linking encoding cp949.bundle
linking encoding emacs_mule.bundle
linking encoding euc_jp.bundle
linking encoding euc_kr.bundle
linking encoding euc_tw.bundle
linking encoding gb2312.bundle
linking encoding gb18030.bundle
linking encoding gbk.bundle
linking encoding iso_8859_1.bundle
linking encoding iso_8859_2.bundle
linking encoding iso_8859_3.bundle
linking encoding iso_8859_4.bundle
linking encoding iso_8859_5.bundle
linking encoding iso_8859_6.bundle
linking encoding iso_8859_7.bundle
linking encoding iso_8859_8.bundle
linking encoding iso_8859_9.bundle
linking encoding iso_8859_10.bundle
linking encoding iso_8859_11.bundle
linking encoding iso_8859_13.bundle
linking encoding iso_8859_14.bundle
linking encoding iso_8859_15.bundle
linking encoding iso_8859_16.bundle
linking encoding koi8_r.bundle
linking encoding koi8_u.bundle
linking encoding shift_jis.bundle
linking encoding utf_16be.bundle
linking encoding utf_16le.bundle
linking encoding utf_32be.bundle
linking encoding utf_32le.bundle
linking encoding windows_31j.bundle
linking encoding windows_1251.bundle
compiling ./enc/trans/chinese.c
compiling ./enc/trans/emoji.c
generating makefile exts.mk
configuring -test-/array/resize
configuring -test-/bignum
configuring -test-/bug-3571
configuring -test-/bug-3662
configuring -test-/bug-5832
configuring -test-/bug_reporter
configuring -test-/class
configuring -test-/debug
configuring -test-/exception
configuring -test-/fatal
configuring -test-/file
configuring -test-/funcall
configuring -test-/iter
configuring -test-/load/dot.dot
configuring -test-/marshal/compat
configuring -test-/marshal/usr
configuring -test-/method
configuring -test-/num2int
configuring -test-/old_thread_select
compiling ./enc/trans/emoji_iso2022_kddi.c
configuring -test-/path_to_class
configuring -test-/postponed_job
configuring -test-/printf
configuring -test-/rational
configuring -test-/recursion
configuring -test-/st/numhash
configuring -test-/st/update
configuring -test-/string
configuring -test-/symbol
configuring -test-/tracepoint
configuring -test-/typeddata
configuring -test-/wait_for_single_fd
configuring -test-/win32/dln
Failed to configure -test-/win32/dln. It will not be installed.
configuring -test-/win32/fd_setsize
Failed to configure -test-/win32/fd_setsize. It will not be installed.
configuring bigdecimal
configuring continuation
configuring coverage
configuring date
configuring dbm
compiling ./enc/trans/emoji_sjis_docomo.c
header: ndbm.h
library: libc
configuring digest
configuring digest/bubblebabble
configuring digest/md5
compiling ./enc/trans/emoji_sjis_kddi.c
configuring digest/rmd160
configuring digest/sha1
compiling ./enc/trans/emoji_sjis_softbank.c
configuring digest/sha2
configuring dl
compiling ./enc/trans/escape.c
compiling ./enc/trans/gb18030.c
configuring dl/callback
configuring etc
compiling ./enc/trans/gbk.c
configuring fcntl
configuring fiber
configuring fiddle
compiling ./enc/trans/iso2022.c
compiling ./enc/trans/japanese.c
compiling ./enc/trans/japanese_euc.c
configuring gdbm
configuring io/console
configuring io/nonblock
configuring io/wait
configuring json
configuring json/generator
configuring json/parser
configuring mathn/complex
compiling ./enc/trans/japanese_sjis.c
configuring mathn/rational
configuring nkf
configuring objspace
configuring openssl
compiling ./enc/trans/korean.c
compiling ./enc/trans/single_byte.c
compiling ./enc/trans/utf8_mac.c
compiling ./enc/trans/utf_16_32.c
linking transcoder transdb.bundle
linking transcoder big5.bundle
linking transcoder chinese.bundle
linking transcoder emoji.bundle
linking transcoder emoji_iso2022_kddi.bundle
linking transcoder emoji_sjis_docomo.bundle
linking transcoder emoji_sjis_kddi.bundle
linking transcoder emoji_sjis_softbank.bundle
linking transcoder escape.bundle
linking transcoder gb18030.bundle
linking transcoder gbk.bundle
linking transcoder iso2022.bundle
linking transcoder japanese.bundle
linking transcoder japanese_euc.bundle
linking transcoder japanese_sjis.bundle
linking transcoder korean.bundle
linking transcoder single_byte.bundle
linking transcoder utf8_mac.bundle
linking transcoder utf_16_32.bundle
making encs
configuring pathname
configuring psych
configuring pty
configuring racc/cparse
configuring rbconfig/sizeof
configuring readline
configuring ripper
configuring sdbm
configuring socket
configuring stringio
configuring strscan
configuring syslog
configuring thread
configuring tk/tkutil
Failed to configure tk/tkutil. It will not be installed.
configuring win32
Failed to configure win32. It will not be installed.
configuring win32ole
Failed to configure win32ole. It will not be installed.
configuring zlib
compiling resize.c
compiling big2str.c
installing default resize libraries
linking shared-object -test-/array/resize.bundle
compiling bigzero.c
compiling div.c
compiling bug.c
compiling init.c
installing default bug libraries
compiling intpack.c
linking shared-object -test-/bug-3571/bug.bundle
compiling mul.c
compiling bug.c
compiling str2big.c
installing default bug libraries
linking shared-object -test-/bug-3662/bug.bundle
installing default bignum libraries
linking shared-object -test-/bignum.bundle
compiling bug.c
compiling bug_reporter.c
installing default bug libraries
linking shared-object -test-/bug-5832/bug.bundle
installing default bug_reporter libraries
linking shared-object -test-/bug_reporter/bug_reporter.bundle
compiling class2name.c
compiling init.c
compiling init.c
installing default class libraries
linking shared-object -test-/class.bundle
compiling inspector.c
compiling dataerror.c
compiling profile_frames.c
compiling enc_raise.c
installing default debug libraries
linking shared-object -test-/debug.bundle
compiling ensured.c
compiling init.c
installing default exception libraries
linking shared-object -test-/exception.bundle
compiling rb_fatal.c
compiling init.c
installing default rb_fatal libraries
linking shared-object -test-/fatal/rb_fatal.bundle
compiling stat.c
compiling passing_block.c
installing default file libraries
linking shared-object -test-/file.bundle
installing default funcall libraries
linking shared-object -test-/funcall/funcall.bundle
compiling break.c
compiling dot.dot.c
installing default dot.dot libraries
linking shared-object -test-/load/dot.dot/dot.dot.bundle
compiling init.c
compiling yield.c
installing default iter libraries
compiling usrcompat.c
linking shared-object -test-/iter.bundle
compiling usrmarshal.c
installing default compat libraries
linking shared-object -test-/marshal/compat.bundle
installing default usr libraries
compiling arity.c
linking shared-object -test-/marshal/usr.bundle
compiling init.c
compiling num2int.c
installing default method libraries
linking shared-object -test-/method.bundle
compiling old_thread_select.c
installing default num2int libraries
linking shared-object -test-/num2int/num2int.bundle
compiling path_to_class.c
installing default old_thread_select libraries
linking shared-object -test-/old_thread_select/old_thread_select.bundle
compiling postponed_job.c
installing default path_to_class libraries
linking shared-object -test-/path_to_class/path_to_class.bundle
installing default postponed_job libraries
compiling printf.c
linking shared-object -test-/postponed_job.bundle
installing default printf libraries
compiling rat.c
linking shared-object -test-/printf.bundle
installing default rational libraries
compiling recursion.c
linking shared-object -test-/rational.bundle
installing default recursion libraries
compiling numhash.c
linking shared-object -test-/recursion.bundle
compiling update.c
installing default numhash libraries
linking shared-object -test-/st/numhash.bundle
installing default update libraries
compiling coderange.c
linking shared-object -test-/st/update.bundle
compiling cstr.c
compiling init.c
compiling ellipsize.c
compiling intern.c
compiling enc_associate.c
compiling type.c
compiling enc_str_buf_cat.c
installing default symbol libraries
linking shared-object -test-/symbol.bundle
compiling init.c
compiling gc_hook.c
compiling modify.c
compiling tracepoint.c
compiling normalize.c
installing default tracepoint libraries
linking shared-object -test-/tracepoint.bundle
compiling qsort.c
compiling set_len.c
compiling typeddata.c
installing default string libraries
linking shared-object -test-/string/string.bundle
compiling wait_for_single_fd.c
installing default typeddata libraries
linking shared-object -test-/typeddata/typeddata.bundle
make[2]: Nothing to be done for `all'.
installing default wait_for_single_fd libraries
make[2]: Nothing to be done for `all'.
compiling bigdecimal.c
linking shared-object -test-/wait_for_single_fd/wait_for_single_fd.bundle
compiling continuation.c
installing default continuation libraries
linking shared-object continuation.bundle
compiling coverage.c
installing default coverage libraries
linking shared-object coverage.bundle
installing default bigdecimal libraries
compiling date_core.c
linking shared-object bigdecimal.bundle
compiling date_parse.c
compiling dbm.c
installing default dbm libraries
linking shared-object dbm.bundle
compiling date_strftime.c
compiling digest.c
linking shared-object digest.bundle
installing digest libraries
installing default digest libraries
compiling date_strptime.c
compiling bubblebabble.c
installing default bubblebabble libraries
linking shared-object digest/bubblebabble.bundle
linking shared-object date_core.bundle
compiling md5init.c
installing default date_core libraries
compiling md5ossl.c
installing default md5 libraries
compiling rmd160init.c
linking shared-object digest/md5.bundle
compiling rmd160.c
compiling sha1init.c
compiling sha1ossl.c
installing default sha1 libraries
linking shared-object digest/sha1.bundle
installing default rmd160 libraries
compiling sha2init.c
linking shared-object digest/rmd160.bundle
compiling sha2ossl.c
compiling cfunc.c
installing default sha2 libraries
linking shared-object digest/sha2.bundle
compiling cptr.c
cptr.c:391:10: warning: unused variable 'str' [-Wunused-variable]
    char str[1024];
         ^
1 warning generated.
compiling callback.c
compiling callback-0.c
compiling dl.c
compiling handle.c
installing dl libraries
linking shared-object dl.bundle
installing default dl libraries
compiling callback-1.c
compiling etc.c
installing default etc libraries
linking shared-object etc.bundle
compiling callback-2.c
compiling fcntl.c
installing default fcntl libraries
linking shared-object fcntl.bundle
compiling callback-3.c
compiling fiber.c
installing default fiber libraries
linking shared-object fiber.bundle
compiling callback-4.c
compiling closure.c
compiling conversions.c
compiling fiddle.c
compiling function.c
compiling handle.c
compiling pointer.c
linking shared-object fiddle.bundle
installing default fiddle libraries
compiling callback-5.c
compiling gdbm.c
installing default gdbm libraries
linking shared-object gdbm.bundle
compiling callback-6.c
compiling console.c
linking shared-object io/console.bundle
installing default console libraries
compiling callback-7.c
compiling nonblock.c
installing default nonblock libraries
linking shared-object io/nonblock.bundle
compiling callback-8.c
compiling wait.c
installing default wait libraries
linking shared-object io/wait.bundle
installing default libraries
compiling generator.c
installing default callback libraries
linking shared-object dl/callback.bundle
compiling parser.c
installing default generator libraries
linking shared-object json/ext/generator.bundle
installing default parser libraries
compiling complex.c
installing default complex libraries
linking shared-object mathn/complex.bundle
linking shared-object json/ext/parser.bundle
compiling rational.c
installing default rational libraries
linking shared-object mathn/rational.bundle
compiling nkf.c
installing default nkf libraries
compiling object_tracing.c
compiling objspace.c
compiling objspace_dump.c
installing default objspace libraries
linking shared-object objspace.bundle
compiling openssl_missing.c
compiling ossl.c
compiling ossl_asn1.c
compiling ossl_bio.c
compiling ossl_bn.c
compiling ossl_cipher.c
linking shared-object nkf.bundle
compiling ossl_config.c
compiling pathname.c
compiling ossl_digest.c
compiling ossl_engine.c
installing default pathname libraries
linking shared-object pathname.bundle
compiling ossl_hmac.c
compiling psych.c
compiling ossl_ns_spki.c
compiling psych_emitter.c
compiling ossl_ocsp.c
compiling psych_parser.c
compiling psych_to_ruby.c
compiling psych_yaml_tree.c
compiling ossl_pkcs12.c
linking shared-object psych.bundle
installing default psych libraries
compiling ossl_pkcs5.c
compiling pty.c
installing default pty libraries
linking shared-object pty.bundle
compiling ossl_pkcs7.c
compiling ossl_pkey.c
compiling cparse.c
compiling ossl_pkey_dh.c
installing default cparse libraries
linking shared-object racc/cparse.bundle
compiling ossl_pkey_dsa.c
compiling sizes.c
installing default sizeof libraries
linking shared-object rbconfig/sizeof.bundle
compiling ossl_pkey_ec.c
compiling readline.c
installing default readline libraries
linking shared-object readline.bundle
compiling ossl_pkey_rsa.c
compiling ripper.c
compiling ossl_rand.c
compiling ossl_ssl.c
compiling ossl_ssl_session.c
compiling ossl_x509.c
compiling ossl_x509attr.c
compiling ossl_x509cert.c
compiling ossl_x509crl.c
compiling ossl_x509ext.c
compiling ossl_x509name.c
compiling ossl_x509req.c
compiling ossl_x509revoked.c
compiling ossl_x509store.c
linking shared-object openssl.bundle
installing default openssl libraries
compiling _sdbm.c
compiling init.c
installing default sdbm libraries
linking shared-object sdbm.bundle
generating constant definitions
generating constant definitions
compiling basicsocket.c
compiling socket.c
compiling ipsocket.c
compiling tcpsocket.c
compiling tcpserver.c
compiling sockssocket.c
compiling udpsocket.c
compiling unixsocket.c
compiling unixserver.c
compiling option.c
compiling ancdata.c
compiling raddrinfo.c
compiling ifaddr.c
installing default socket libraries
compiling init.c
checking ../.././parse.y and ../.././ext/ripper/eventids2.c
linking shared-object ripper.bundle
installing default ripper libraries
compiling constants.c
compiling stringio.c
installing default stringio libraries
linking shared-object stringio.bundle
compiling strscan.c
linking shared-object socket.bundle
installing default strscan libraries
compiling syslog.c
linking shared-object strscan.bundle
compiling thread.c
installing default syslog libraries
linking shared-object syslog.bundle
installing default thread libraries
make[2]: Nothing to be done for `all'.
make[2]: Nothing to be done for `all'.
make[2]: Nothing to be done for `all'.
compiling zlib.c
linking shared-object thread.bundle
installing default zlib libraries
linking shared-object zlib.bundle
linking shared-library libruby.2.1.0.dylib
linking ruby
Generating RDoc documentation

Generating RI format into /Users/appurify/.rvm/src/ruby-2.1.1/.ext/rdoc...

  Files:        962

  Classes:     1414 ( 566 undocumented)
  Modules:      268 (  87 undocumented)
  Constants:   2097 ( 624 undocumented)
  Attributes:  1146 ( 272 undocumented)
  Methods:    10648 (2225 undocumented)

  Total:      15573 (3774 undocumented)
   75.77% documented

  Elapsed: 101.4s

