[2014-02-22 00:18:40] gemset_delete_task
gemset_delete_task () 
{ 
    typeset rvm_gemset_name ruby_at_gemset gemdir;
    rvm_gemset_name=$1;
    ruby_at_gemset=$2;
    gemdir=$3;
    case ${_system_type} in 
        BSD)
            __rvm_find "${rvm_bin_path:=$rvm_path/bin}" -name \*${ruby_at_gemset} -delete;
            __rvm_find -L "${rvm_bin_path:=$rvm_path/bin}" -name \*${ruby_at_gemset} -delete
        ;;
        *)
            __rvm_find "${rvm_bin_path:=$rvm_path/bin}" \( -name \*${ruby_at_gemset} -or -lname \*${ruby_at_gemset}/\* \) -delete
        ;;
    esac;
    for item in $( $rvm_scripts_path/alias search_by_target ${ruby_at_gemset} );
    do
        $rvm_scripts_path/alias delete ${item};
    done;
    __rvm_rm_rf "$gemdir" && __rvm_rm_rf "${rvm_wrappers_path:="$rvm_path/wrappers"}/${ruby_at_gemset}" && __rvm_rm_rf "${rvm_environments_path:="$rvm_path/environments"}/${ruby_at_gemset}"
}
current path: /tmp/testrun_145613/test/target
GEM_HOME=/home/appurify/.rvm/gems/ruby-2.0.0-p353@g_532205b1ced146368f3ebfbb9549a8c9
PATH=/home/appurify/.rvm/gems/ruby-2.0.0-p353@g_532205b1ced146368f3ebfbb9549a8c9/bin:/home/appurify/.rvm/gems/ruby-2.0.0-p353@global/bin:/home/appurify/.rvm/rubies/ruby-2.0.0-p353/bin:/home/appurify/.rvm/bin:/usr/local/android-sdk/platform-tools:/bin:/sbin:/usr/bin:/usr/sbin:/usr/local/bin
GEM_PATH=/home/appurify/.rvm/gems/ruby-2.0.0-p353@g_532205b1ced146368f3ebfbb9549a8c9:/home/appurify/.rvm/gems/ruby-2.0.0-p353@global
command(4): gemset_delete_task g_532205b1ced146368f3ebfbb9549a8c9 ruby-2.0.0-p353@g_532205b1ced146368f3ebfbb9549a8c9 /home/appurify/.rvm/gems/ruby-2.0.0-p353@g_532205b1ced146368f3ebfbb9549a8c9
