[2014-02-21 22:12:39] requirements_debian_update_system
requirements_debian_update_system () 
{ 
    __rvm_try_sudo apt-get --quiet --yes update || { 
        typeset __ret=$?;
        case ${__ret} in 
            100)
                rvm_error "There has been error while updating 'apt-get', please give it some time and try again later.
For 404 errors check your sources configured in:
    /etc/apt/sources.list
    /etc/apt/sources.list.d/*.list
"
            ;;
        esac;
        return ${__ret}
    }
}
current path: /home/appurify/.rvm/src/rvm
PATH=/usr/local/android-sdk/platform-tools:/bin:/sbin:/usr/bin:/usr/sbin:/usr/local/bin:/home/appurify/.rvm/bin
command(2): requirements_debian_update_system ruby-2.1.0
Hit http://us.archive.ubuntu.com precise Release.gpg
Hit http://us.archive.ubuntu.com precise-updates Release.gpg
Hit http://us.archive.ubuntu.com precise-backports Release.gpg
Hit http://us.archive.ubuntu.com precise Release
Hit http://us.archive.ubuntu.com precise-updates Release
Hit http://ppa.launchpad.net precise Release.gpg
Hit http://security.ubuntu.com precise-security Release.gpg
Hit http://us.archive.ubuntu.com precise-backports Release
Hit http://us.archive.ubuntu.com precise/main Sources
Hit http://us.archive.ubuntu.com precise/restricted Sources
Hit http://us.archive.ubuntu.com precise/universe Sources
Hit http://us.archive.ubuntu.com precise/multiverse Sources
Hit http://us.archive.ubuntu.com precise/main amd64 Packages
Hit http://security.ubuntu.com precise-security Release
Hit http://ppa.launchpad.net precise Release
Hit http://us.archive.ubuntu.com precise/restricted amd64 Packages
Hit http://us.archive.ubuntu.com precise/universe amd64 Packages
Hit http://us.archive.ubuntu.com precise/multiverse amd64 Packages
Hit http://us.archive.ubuntu.com precise/main i386 Packages
Hit http://us.archive.ubuntu.com precise/restricted i386 Packages
Hit http://security.ubuntu.com precise-security/main Sources
Hit http://ppa.launchpad.net precise/main Sources
Hit http://us.archive.ubuntu.com precise/universe i386 Packages
Hit http://us.archive.ubuntu.com precise/multiverse i386 Packages
Hit http://us.archive.ubuntu.com precise/main TranslationIndex
Hit http://us.archive.ubuntu.com precise/multiverse TranslationIndex
Hit http://us.archive.ubuntu.com precise/restricted TranslationIndex
Hit http://us.archive.ubuntu.com precise/universe TranslationIndex
Hit http://us.archive.ubuntu.com precise-updates/main Sources
Hit http://us.archive.ubuntu.com precise-updates/restricted Sources
Hit http://us.archive.ubuntu.com precise-updates/universe Sources
Hit http://us.archive.ubuntu.com precise-updates/multiverse Sources
Hit http://us.archive.ubuntu.com precise-updates/main amd64 Packages
Hit http://security.ubuntu.com precise-security/restricted Sources
Hit http://security.ubuntu.com precise-security/universe Sources
Hit http://security.ubuntu.com precise-security/multiverse Sources
Hit http://security.ubuntu.com precise-security/main amd64 Packages
Hit http://security.ubuntu.com precise-security/restricted amd64 Packages
Hit http://ppa.launchpad.net precise/main amd64 Packages
Hit http://ppa.launchpad.net precise/main i386 Packages
Ign http://ppa.launchpad.net precise/main TranslationIndex
Hit http://us.archive.ubuntu.com precise-updates/restricted amd64 Packages
Hit http://us.archive.ubuntu.com precise-updates/universe amd64 Packages
Hit http://us.archive.ubuntu.com precise-updates/multiverse amd64 Packages
Hit http://us.archive.ubuntu.com precise-updates/main i386 Packages
Hit http://us.archive.ubuntu.com precise-updates/restricted i386 Packages
Hit http://us.archive.ubuntu.com precise-updates/universe i386 Packages
Hit http://us.archive.ubuntu.com precise-updates/multiverse i386 Packages
Hit http://us.archive.ubuntu.com precise-updates/main TranslationIndex
Hit http://us.archive.ubuntu.com precise-updates/multiverse TranslationIndex
Hit http://us.archive.ubuntu.com precise-updates/restricted TranslationIndex
Hit http://us.archive.ubuntu.com precise-updates/universe TranslationIndex
Hit http://us.archive.ubuntu.com precise-backports/main Sources
Hit http://security.ubuntu.com precise-security/universe amd64 Packages
Hit http://security.ubuntu.com precise-security/multiverse amd64 Packages
Hit http://security.ubuntu.com precise-security/main i386 Packages
Hit http://security.ubuntu.com precise-security/restricted i386 Packages
Hit http://security.ubuntu.com precise-security/universe i386 Packages
Hit http://us.archive.ubuntu.com precise-backports/restricted Sources
Hit http://us.archive.ubuntu.com precise-backports/universe Sources
Hit http://us.archive.ubuntu.com precise-backports/multiverse Sources
Hit http://us.archive.ubuntu.com precise-backports/main amd64 Packages
Hit http://us.archive.ubuntu.com precise-backports/restricted amd64 Packages
Hit http://us.archive.ubuntu.com precise-backports/universe amd64 Packages
Hit http://us.archive.ubuntu.com precise-backports/multiverse amd64 Packages
Hit http://us.archive.ubuntu.com precise-backports/main i386 Packages
Hit http://us.archive.ubuntu.com precise-backports/restricted i386 Packages
Hit http://us.archive.ubuntu.com precise-backports/universe i386 Packages
Hit http://us.archive.ubuntu.com precise-backports/multiverse i386 Packages
Hit http://us.archive.ubuntu.com precise-backports/main TranslationIndex
Hit http://us.archive.ubuntu.com precise-backports/multiverse TranslationIndex
Hit http://us.archive.ubuntu.com precise-backports/restricted TranslationIndex
Hit http://us.archive.ubuntu.com precise-backports/universe TranslationIndex
Hit http://us.archive.ubuntu.com precise/main Translation-en
Hit http://security.ubuntu.com precise-security/multiverse i386 Packages
Hit http://security.ubuntu.com precise-security/main TranslationIndex
Hit http://security.ubuntu.com precise-security/multiverse TranslationIndex
Hit http://security.ubuntu.com precise-security/restricted TranslationIndex
Hit http://security.ubuntu.com precise-security/universe TranslationIndex
Hit http://us.archive.ubuntu.com precise/multiverse Translation-en
Hit http://us.archive.ubuntu.com precise/restricted Translation-en
Hit http://us.archive.ubuntu.com precise/universe Translation-en
Hit http://us.archive.ubuntu.com precise-updates/main Translation-en
Hit http://us.archive.ubuntu.com precise-updates/multiverse Translation-en
Hit http://us.archive.ubuntu.com precise-updates/restricted Translation-en
Hit http://security.ubuntu.com precise-security/main Translation-en
Hit http://security.ubuntu.com precise-security/multiverse Translation-en
Hit http://security.ubuntu.com precise-security/restricted Translation-en
Hit http://us.archive.ubuntu.com precise-updates/universe Translation-en
Hit http://us.archive.ubuntu.com precise-backports/main Translation-en
Hit http://us.archive.ubuntu.com precise-backports/multiverse Translation-en
Hit http://us.archive.ubuntu.com precise-backports/restricted Translation-en
Hit http://us.archive.ubuntu.com precise-backports/universe Translation-en
Hit http://security.ubuntu.com precise-security/universe Translation-en
Ign http://ppa.launchpad.net precise/main Translation-en
Reading package lists...
