[2014-03-10 14:42:35] alias_create_exceute
alias_create_exceute () 
{ 
    for _path in "$rvm_rubies_path" "$rvm_environments_path" "$rvm_wrappers_path";
    do
        if [[ -L "$_path/$alias_name" ]]; then
            \rm -fv "$_path/$alias_name" || return $?;
        fi;
        \ln -fsv "$_path/$rvm_ruby_string" "$_path/$alias_name" || return $?;
    done;
    __rvm_db_ "$rvm_path/config/alias" "$alias_name" "$rvm_ruby_string"
}
current path: /Users/appurify
GEM_HOME=/Users/appurify/.rvm/gems/ruby-2.1.1
PATH=/Users/appurify/.rvm/gems/ruby-2.1.1/bin:/Users/appurify/.rvm/gems/ruby-2.1.1@global/bin:/Users/appurify/.rvm/rubies/ruby-2.1.1/bin:/Users/appurify/.rvm/bin:/salt/homebrew/bin:/usr/local/android-sdk/platform-tools:/opt/local/bin:/bin:/sbin:/usr/bin:/usr/sbin:/usr/local/bin
GEM_PATH=/Users/appurify/.rvm/gems/ruby-2.1.1:/Users/appurify/.rvm/gems/ruby-2.1.1@global
command(1): alias_create_exceute
/Users/appurify/.rvm/rubies/ruby-2.0.0 -> /Users/appurify/.rvm/rubies/ruby-2.1.1
/Users/appurify/.rvm/environments/ruby-2.0.0 -> /Users/appurify/.rvm/environments/ruby-2.1.1
/Users/appurify/.rvm/wrappers/ruby-2.0.0 -> /Users/appurify/.rvm/wrappers/ruby-2.1.1
