[2014-03-11 18:25:51] gemset_delete_task
gemset_delete_task () 
{ 
    typeset rvm_gemset_name ruby_at_gemset gemdir;
    rvm_gemset_name=$1;
    ruby_at_gemset=$2;
    gemdir=$3;
    case ${_system_type} in 
        BSD)
            __rvm_find "${rvm_bin_path:=$rvm_path/bin}" -name \*${ruby_at_gemset} -delete;
            __rvm_find -L "${rvm_bin_path:=$rvm_path/bin}" -name \*${ruby_at_gemset} -delete
        ;;
        *)
            __rvm_find "${rvm_bin_path:=$rvm_path/bin}" \( -name \*${ruby_at_gemset} -or -lname \*${ruby_at_gemset}/\* \) -delete
        ;;
    esac;
    for item in $( $rvm_scripts_path/alias search_by_target ${ruby_at_gemset} );
    do
        $rvm_scripts_path/alias delete ${item};
    done;
    __rvm_rm_rf "$gemdir" && __rvm_rm_rf "${rvm_wrappers_path:="$rvm_path/wrappers"}/${ruby_at_gemset}" && __rvm_rm_rf "${rvm_environments_path:="$rvm_path/environments"}/${ruby_at_gemset}"
}
current path: /tmp/testrun_36781/test/SiteAutomation
GEM_HOME=/Users/appurify/.rvm/gems/ruby-2.1.1@g_2937cf40a4f54a008c7a3788d714f3aa
PATH=/Users/appurify/.rvm/gems/ruby-2.1.1@g_2937cf40a4f54a008c7a3788d714f3aa/bin:/Users/appurify/.rvm/gems/ruby-2.1.1@global/bin:/Users/appurify/.rvm/rubies/ruby-2.1.1/bin:/Users/appurify/.rvm/bin:/salt/homebrew/bin:/android-sdk/platform-tools:/opt/local/bin:/bin:/sbin:/usr/bin:/usr/sbin:/usr/local/bin
GEM_PATH=/Users/appurify/.rvm/gems/ruby-2.1.1@g_2937cf40a4f54a008c7a3788d714f3aa:/Users/appurify/.rvm/gems/ruby-2.1.1@global
command(4): gemset_delete_task g_2937cf40a4f54a008c7a3788d714f3aa ruby-2.1.1@g_2937cf40a4f54a008c7a3788d714f3aa /Users/appurify/.rvm/gems/ruby-2.1.1@g_2937cf40a4f54a008c7a3788d714f3aa
