[2014-03-10 14:18:13] gemset_import_list
gemset_import_list () 
{ 
    typeset line;
    for line in "$@";
    do
        gem_install $line || rvm_error "there was an error installing gem $line";
    done
}
current path: /Users/appurify/.rvm/src/ruby-2.0.0-p451
GEM_HOME=/Users/appurify/.rvm/gems/ruby-2.0.0-p451@global
PATH=/Users/appurify/.rvm/gems/ruby-2.0.0-p451@global/bin:/Users/appurify/.rvm/rubies/ruby-2.0.0-p451/bin:/Users/appurify/.rvm/bin:/salt/homebrew/bin:/opt/local/bin:/bin:/usr/bin:/usr/sbin:/sbin:/usr/local/bin
GEM_PATH=/Users/appurify/.rvm/gems/ruby-2.0.0-p451@global
command(6): gemset_import_list gem-wrappers rubygems-bundler bundler rake rvm
[2014-03-10 14:18:13] gem
current path: /Users/appurify/.rvm/src/ruby-2.0.0-p451
GEM_HOME=/Users/appurify/.rvm/gems/ruby-2.0.0-p451@global
PATH=/Users/appurify/.rvm/gems/ruby-2.0.0-p451@global/bin:/Users/appurify/.rvm/rubies/ruby-2.0.0-p451/bin:/Users/appurify/.rvm/bin:/salt/homebrew/bin:/opt/local/bin:/bin:/usr/bin:/usr/sbin:/sbin:/usr/local/bin
GEM_PATH=/Users/appurify/.rvm/gems/ruby-2.0.0-p451@global
command(5): gem install /Users/appurify/.rvm/gem-cache/gem-wrappers-1.2.4.gem --no-ri --no-rdoc
installing gem /Users/appurify/.rvm/gem-cache/gem-wrappers-1.2.4.gem --no-ri --no-rdoc
ERROR:  While executing gem ... (Gem::Exception)
    Unable to require openssl, install OpenSSL and rebuild ruby (preferred) or use non-HTTPS sources
there was an error installing gem gem-wrappers
[2014-03-10 14:18:13] gem
current path: /Users/appurify/.rvm/src/ruby-2.0.0-p451
GEM_HOME=/Users/appurify/.rvm/gems/ruby-2.0.0-p451@global
PATH=/Users/appurify/.rvm/gems/ruby-2.0.0-p451@global/bin:/Users/appurify/.rvm/rubies/ruby-2.0.0-p451/bin:/Users/appurify/.rvm/bin:/salt/homebrew/bin:/opt/local/bin:/bin:/usr/bin:/usr/sbin:/sbin:/usr/local/bin
GEM_PATH=/Users/appurify/.rvm/gems/ruby-2.0.0-p451@global
command(5): gem install rubygems-bundler --no-ri --no-rdoc
installing gem rubygems-bundler --no-ri --no-rdoc
ERROR:  While executing gem ... (Gem::Exception)
    Unable to require openssl, install OpenSSL and rebuild ruby (preferred) or use non-HTTPS sources
there was an error installing gem rubygems-bundler
[2014-03-10 14:18:13] gem
current path: /Users/appurify/.rvm/src/ruby-2.0.0-p451
GEM_HOME=/Users/appurify/.rvm/gems/ruby-2.0.0-p451@global
PATH=/Users/appurify/.rvm/gems/ruby-2.0.0-p451@global/bin:/Users/appurify/.rvm/rubies/ruby-2.0.0-p451/bin:/Users/appurify/.rvm/bin:/salt/homebrew/bin:/opt/local/bin:/bin:/usr/bin:/usr/sbin:/sbin:/usr/local/bin
GEM_PATH=/Users/appurify/.rvm/gems/ruby-2.0.0-p451@global
command(5): gem install bundler --no-ri --no-rdoc
installing gem bundler --no-ri --no-rdoc
ERROR:  While executing gem ... (Gem::Exception)
    Unable to require openssl, install OpenSSL and rebuild ruby (preferred) or use non-HTTPS sources
there was an error installing gem bundler
gem rake  is already installed
[2014-03-10 14:18:14] gem
current path: /Users/appurify/.rvm/src/ruby-2.0.0-p451
GEM_HOME=/Users/appurify/.rvm/gems/ruby-2.0.0-p451@global
PATH=/Users/appurify/.rvm/gems/ruby-2.0.0-p451@global/bin:/Users/appurify/.rvm/rubies/ruby-2.0.0-p451/bin:/Users/appurify/.rvm/bin:/salt/homebrew/bin:/opt/local/bin:/bin:/usr/bin:/usr/sbin:/sbin:/usr/local/bin
GEM_PATH=/Users/appurify/.rvm/gems/ruby-2.0.0-p451@global
command(5): gem install /Users/appurify/.rvm/gem-cache/rvm-1.11.3.9.gem --no-ri --no-rdoc
installing gem /Users/appurify/.rvm/gem-cache/rvm-1.11.3.9.gem --no-ri --no-rdoc
ERROR:  While executing gem ... (Gem::Exception)
    Unable to require openssl, install OpenSSL and rebuild ruby (preferred) or use non-HTTPS sources
there was an error installing gem rvm
