[2014-03-10 14:18:08] rubygems_remove
rubygems_remove () 
{ 
    typeset rubygems_path __ruby entry;
    rvm_log "Removing old Rubygems files...";
    case "$rvm_ruby_string" in 
        rbx-*)
            __ruby="['prefix']"
        ;;
        *)
            __ruby=".values_at('sitelibdir','vendorlibdir').detect{ |path| File.directory?(File.join(path.to_s, 'rubygems')) }.to_s"
        ;;
    esac;
    rubygems_path="$(${1:-ruby} -rrbconfig -e "puts ::Kernel.const_get('RbConfig')::CONFIG${ruby__}")";
    entries=("${rubygems_path}/ubygems.rb" "${rubygems_path}/gauntlet_rubygems.rb" "${rubygems_path}/rbconfig/");
    for entry in "${entries[@]}" "${rubygems_path}/rubygems"*;
    do
        __rvm_rm_rf "$entry";
    done
}
current path: /Users/appurify/.rvm/src/ruby-2.0.0-p451
GEM_HOME=/Users/appurify/.rvm/gems/jruby-1.7.10
PATH=/Users/appurify/.rvm/gems/jruby-1.7.10/bin:/Users/appurify/.rvm/gems/jruby-1.7.10@global/bin:/Users/appurify/.rvm/rubies/jruby-1.7.10/bin:/salt/homebrew/bin:/opt/local/bin:/bin:/usr/bin:/usr/sbin:/sbin:/usr/local/bin:/Users/appurify/.rvm/bin
GEM_PATH=/Users/appurify/.rvm/gems/jruby-1.7.10:/Users/appurify/.rvm/gems/jruby-1.7.10@global
command(2): rubygems_remove /Users/appurify/.rvm/rubies/ruby-2.0.0-p451/bin/ruby
Removing old Rubygems files...
