[2014-03-12 11:48:53] gemset_delete_task
gemset_delete_task () 
{ 
    typeset rvm_gemset_name ruby_at_gemset gemdir;
    rvm_gemset_name=$1;
    ruby_at_gemset=$2;
    gemdir=$3;
    case ${_system_type} in 
        BSD)
            __rvm_find "${rvm_bin_path:=$rvm_path/bin}" -name \*${ruby_at_gemset} -delete;
            __rvm_find -L "${rvm_bin_path:=$rvm_path/bin}" -name \*${ruby_at_gemset} -delete
        ;;
        *)
            __rvm_find "${rvm_bin_path:=$rvm_path/bin}" \( -name \*${ruby_at_gemset} -or -lname \*${ruby_at_gemset}/\* \) -delete
        ;;
    esac;
    for item in $( $rvm_scripts_path/alias search_by_target ${ruby_at_gemset} );
    do
        $rvm_scripts_path/alias delete ${item};
    done;
    __rvm_rm_rf "$gemdir" && __rvm_rm_rf "${rvm_wrappers_path:="$rvm_path/wrappers"}/${ruby_at_gemset}" && __rvm_rm_rf "${rvm_environments_path:="$rvm_path/environments"}/${ruby_at_gemset}"
}
current path: /tmp/testrun_36814/test/SiteAutomation
GEM_HOME=/Users/appurify/.rvm/gems/jruby-1.7.10@g_63801773ed594afeba09e5ac85795b42
PATH=/Users/appurify/.rvm/gems/jruby-1.7.10@g_63801773ed594afeba09e5ac85795b42/bin:/Users/appurify/.rvm/gems/jruby-1.7.10@global/bin:/Users/appurify/.rvm/rubies/jruby-1.7.10/bin:/Users/appurify/.rvm/bin:/salt/homebrew/bin:/android-sdk/platform-tools:/opt/local/bin:/bin:/sbin:/usr/bin:/usr/sbin:/usr/local/bin
GEM_PATH=/Users/appurify/.rvm/gems/jruby-1.7.10@g_63801773ed594afeba09e5ac85795b42:/Users/appurify/.rvm/gems/jruby-1.7.10@global
command(4): gemset_delete_task g_63801773ed594afeba09e5ac85795b42 jruby-1.7.10@g_63801773ed594afeba09e5ac85795b42 /Users/appurify/.rvm/gems/jruby-1.7.10@g_63801773ed594afeba09e5ac85795b42
